<?xml version="1.0" encoding="UTF-8"?>
<testsuite xmlns:xsi="http://www.w3.org/2001/XMLSchema-instance" xsi:noNamespaceSchemaLocation="https://maven.apache.org/surefire/maven-surefire-plugin/xsd/surefire-test-report.xsd" name="com.fuya.Redis.FuyaDaoApplicationTests" time="0.053" tests="1" errors="0" skipped="1" failures="0">
  <properties>
    <property name="sun.desktop" value="windows"/>
    <property name="awt.toolkit" value="sun.awt.windows.WToolkit"/>
    <property name="file.encoding.pkg" value="sun.io"/>
    <property name="java.specification.version" value="1.8"/>
    <property name="sun.cpu.isalist" value="amd64"/>
    <property name="sun.jnu.encoding" value="GBK"/>
    <property name="java.class.path" value="F:\工具\比赛\计算机设计大赛\fuya\fuya-Redis\target\test-classes;F:\工具\比赛\计算机设计大赛\fuya\fuya-Redis\target\classes;F:\oracle\apache-maven-3.5.4-bin\apache-maven-3.5.4\MavenRepository\maven_jar\org\springframework\boot\spring-boot-starter-redis\1.3.2.RELEASE\spring-boot-starter-redis-1.3.2.RELEASE.jar;F:\oracle\apache-maven-3.5.4-bin\apache-maven-3.5.4\MavenRepository\maven_jar\org\springframework\boot\spring-boot-starter\2.1.2.RELEASE\spring-boot-starter-2.1.2.RELEASE.jar;F:\oracle\apache-maven-3.5.4-bin\apache-maven-3.5.4\MavenRepository\maven_jar\org\springframework\boot\spring-boot\2.1.2.RELEASE\spring-boot-2.1.2.RELEASE.jar;F:\oracle\apache-maven-3.5.4-bin\apache-maven-3.5.4\MavenRepository\maven_jar\org\springframework\boot\spring-boot-autoconfigure\2.1.2.RELEASE\spring-boot-autoconfigure-2.1.2.RELEASE.jar;F:\oracle\apache-maven-3.5.4-bin\apache-maven-3.5.4\MavenRepository\maven_jar\org\springframework\boot\spring-boot-starter-logging\2.1.2.RELEASE\spring-boot-starter-logging-2.1.2.RELEASE.jar;F:\oracle\apache-maven-3.5.4-bin\apache-maven-3.5.4\MavenRepository\maven_jar\ch\qos\logback\logback-classic\1.2.3\logback-classic-1.2.3.jar;F:\oracle\apache-maven-3.5.4-bin\apache-maven-3.5.4\MavenRepository\maven_jar\ch\qos\logback\logback-core\1.2.3\logback-core-1.2.3.jar;F:\oracle\apache-maven-3.5.4-bin\apache-maven-3.5.4\MavenRepository\maven_jar\org\apache\logging\log4j\log4j-to-slf4j\2.11.1\log4j-to-slf4j-2.11.1.jar;F:\oracle\apache-maven-3.5.4-bin\apache-maven-3.5.4\MavenRepository\maven_jar\org\apache\logging\log4j\log4j-api\2.11.1\log4j-api-2.11.1.jar;F:\oracle\apache-maven-3.5.4-bin\apache-maven-3.5.4\MavenRepository\maven_jar\org\slf4j\jul-to-slf4j\1.7.25\jul-to-slf4j-1.7.25.jar;F:\oracle\apache-maven-3.5.4-bin\apache-maven-3.5.4\MavenRepository\maven_jar\javax\annotation\javax.annotation-api\1.3.2\javax.annotation-api-1.3.2.jar;F:\oracle\apache-maven-3.5.4-bin\apache-maven-3.5.4\MavenRepository\maven_jar\org\yaml\snakeyaml\1.23\snakeyaml-1.23.jar;F:\oracle\apache-maven-3.5.4-bin\apache-maven-3.5.4\MavenRepository\maven_jar\redis\clients\jedis\2.9.0\jedis-2.9.0.jar;F:\oracle\apache-maven-3.5.4-bin\apache-maven-3.5.4\MavenRepository\maven_jar\com\alibaba\fastjson\1.2.47\fastjson-1.2.47.jar;F:\oracle\apache-maven-3.5.4-bin\apache-maven-3.5.4\MavenRepository\maven_jar\org\apache\commons\commons-pool2\2.4.2\commons-pool2-2.4.2.jar;F:\oracle\apache-maven-3.5.4-bin\apache-maven-3.5.4\MavenRepository\maven_jar\org\springframework\boot\spring-boot-configuration-processor\2.1.2.RELEASE\spring-boot-configuration-processor-2.1.2.RELEASE.jar;F:\oracle\apache-maven-3.5.4-bin\apache-maven-3.5.4\MavenRepository\maven_jar\org\springframework\data\spring-data-redis\2.0.5.RELEASE\spring-data-redis-2.0.5.RELEASE.jar;F:\oracle\apache-maven-3.5.4-bin\apache-maven-3.5.4\MavenRepository\maven_jar\org\springframework\data\spring-data-keyvalue\2.1.4.RELEASE\spring-data-keyvalue-2.1.4.RELEASE.jar;F:\oracle\apache-maven-3.5.4-bin\apache-maven-3.5.4\MavenRepository\maven_jar\org\springframework\data\spring-data-commons\2.1.4.RELEASE\spring-data-commons-2.1.4.RELEASE.jar;F:\oracle\apache-maven-3.5.4-bin\apache-maven-3.5.4\MavenRepository\maven_jar\org\springframework\spring-context\5.1.4.RELEASE\spring-context-5.1.4.RELEASE.jar;F:\oracle\apache-maven-3.5.4-bin\apache-maven-3.5.4\MavenRepository\maven_jar\org\springframework\spring-tx\5.1.4.RELEASE\spring-tx-5.1.4.RELEASE.jar;F:\oracle\apache-maven-3.5.4-bin\apache-maven-3.5.4\MavenRepository\maven_jar\org\springframework\spring-beans\5.1.4.RELEASE\spring-beans-5.1.4.RELEASE.jar;F:\oracle\apache-maven-3.5.4-bin\apache-maven-3.5.4\MavenRepository\maven_jar\org\springframework\spring-oxm\5.1.4.RELEASE\spring-oxm-5.1.4.RELEASE.jar;F:\oracle\apache-maven-3.5.4-bin\apache-maven-3.5.4\MavenRepository\maven_jar\org\springframework\spring-aop\5.1.4.RELEASE\spring-aop-5.1.4.RELEASE.jar;F:\oracle\apache-maven-3.5.4-bin\apache-maven-3.5.4\MavenRepository\maven_jar\org\springframework\spring-context-support\5.1.4.RELEASE\spring-context-support-5.1.4.RELEASE.jar;F:\oracle\apache-maven-3.5.4-bin\apache-maven-3.5.4\MavenRepository\maven_jar\org\slf4j\slf4j-api\1.7.25\slf4j-api-1.7.25.jar;F:\oracle\apache-maven-3.5.4-bin\apache-maven-3.5.4\MavenRepository\maven_jar\com\alibaba\druid\1.1.10\druid-1.1.10.jar;F:\oracle\apache-maven-3.5.4-bin\apache-maven-3.5.4\MavenRepository\maven_jar\org\springframework\boot\spring-boot-starter-web\2.1.2.RELEASE\spring-boot-starter-web-2.1.2.RELEASE.jar;F:\oracle\apache-maven-3.5.4-bin\apache-maven-3.5.4\MavenRepository\maven_jar\org\springframework\boot\spring-boot-starter-json\2.1.2.RELEASE\spring-boot-starter-json-2.1.2.RELEASE.jar;F:\oracle\apache-maven-3.5.4-bin\apache-maven-3.5.4\MavenRepository\maven_jar\com\fasterxml\jackson\core\jackson-databind\2.9.8\jackson-databind-2.9.8.jar;F:\oracle\apache-maven-3.5.4-bin\apache-maven-3.5.4\MavenRepository\maven_jar\com\fasterxml\jackson\core\jackson-annotations\2.9.0\jackson-annotations-2.9.0.jar;F:\oracle\apache-maven-3.5.4-bin\apache-maven-3.5.4\MavenRepository\maven_jar\com\fasterxml\jackson\core\jackson-core\2.9.8\jackson-core-2.9.8.jar;F:\oracle\apache-maven-3.5.4-bin\apache-maven-3.5.4\MavenRepository\maven_jar\com\fasterxml\jackson\datatype\jackson-datatype-jdk8\2.9.8\jackson-datatype-jdk8-2.9.8.jar;F:\oracle\apache-maven-3.5.4-bin\apache-maven-3.5.4\MavenRepository\maven_jar\com\fasterxml\jackson\datatype\jackson-datatype-jsr310\2.9.8\jackson-datatype-jsr310-2.9.8.jar;F:\oracle\apache-maven-3.5.4-bin\apache-maven-3.5.4\MavenRepository\maven_jar\com\fasterxml\jackson\module\jackson-module-parameter-names\2.9.8\jackson-module-parameter-names-2.9.8.jar;F:\oracle\apache-maven-3.5.4-bin\apache-maven-3.5.4\MavenRepository\maven_jar\org\springframework\boot\spring-boot-starter-tomcat\2.1.2.RELEASE\spring-boot-starter-tomcat-2.1.2.RELEASE.jar;F:\oracle\apache-maven-3.5.4-bin\apache-maven-3.5.4\MavenRepository\maven_jar\org\apache\tomcat\embed\tomcat-embed-core\9.0.14\tomcat-embed-core-9.0.14.jar;F:\oracle\apache-maven-3.5.4-bin\apache-maven-3.5.4\MavenRepository\maven_jar\org\apache\tomcat\embed\tomcat-embed-el\9.0.14\tomcat-embed-el-9.0.14.jar;F:\oracle\apache-maven-3.5.4-bin\apache-maven-3.5.4\MavenRepository\maven_jar\org\apache\tomcat\embed\tomcat-embed-websocket\9.0.14\tomcat-embed-websocket-9.0.14.jar;F:\oracle\apache-maven-3.5.4-bin\apache-maven-3.5.4\MavenRepository\maven_jar\org\hibernate\validator\hibernate-validator\6.0.14.Final\hibernate-validator-6.0.14.Final.jar;F:\oracle\apache-maven-3.5.4-bin\apache-maven-3.5.4\MavenRepository\maven_jar\javax\validation\validation-api\2.0.1.Final\validation-api-2.0.1.Final.jar;F:\oracle\apache-maven-3.5.4-bin\apache-maven-3.5.4\MavenRepository\maven_jar\org\jboss\logging\jboss-logging\3.3.2.Final\jboss-logging-3.3.2.Final.jar;F:\oracle\apache-maven-3.5.4-bin\apache-maven-3.5.4\MavenRepository\maven_jar\com\fasterxml\classmate\1.4.0\classmate-1.4.0.jar;F:\oracle\apache-maven-3.5.4-bin\apache-maven-3.5.4\MavenRepository\maven_jar\org\springframework\spring-web\5.1.4.RELEASE\spring-web-5.1.4.RELEASE.jar;F:\oracle\apache-maven-3.5.4-bin\apache-maven-3.5.4\MavenRepository\maven_jar\org\springframework\spring-webmvc\5.1.4.RELEASE\spring-webmvc-5.1.4.RELEASE.jar;F:\oracle\apache-maven-3.5.4-bin\apache-maven-3.5.4\MavenRepository\maven_jar\org\springframework\spring-expression\5.1.4.RELEASE\spring-expression-5.1.4.RELEASE.jar;F:\oracle\apache-maven-3.5.4-bin\apache-maven-3.5.4\MavenRepository\maven_jar\org\springframework\boot\spring-boot-starter-test\2.1.2.RELEASE\spring-boot-starter-test-2.1.2.RELEASE.jar;F:\oracle\apache-maven-3.5.4-bin\apache-maven-3.5.4\MavenRepository\maven_jar\org\springframework\boot\spring-boot-test\2.1.2.RELEASE\spring-boot-test-2.1.2.RELEASE.jar;F:\oracle\apache-maven-3.5.4-bin\apache-maven-3.5.4\MavenRepository\maven_jar\org\springframework\boot\spring-boot-test-autoconfigure\2.1.2.RELEASE\spring-boot-test-autoconfigure-2.1.2.RELEASE.jar;F:\oracle\apache-maven-3.5.4-bin\apache-maven-3.5.4\MavenRepository\maven_jar\com\jayway\jsonpath\json-path\2.4.0\json-path-2.4.0.jar;F:\oracle\apache-maven-3.5.4-bin\apache-maven-3.5.4\MavenRepository\maven_jar\net\minidev\json-smart\2.3\json-smart-2.3.jar;F:\oracle\apache-maven-3.5.4-bin\apache-maven-3.5.4\MavenRepository\maven_jar\net\minidev\accessors-smart\1.2\accessors-smart-1.2.jar;F:\oracle\apache-maven-3.5.4-bin\apache-maven-3.5.4\MavenRepository\maven_jar\org\ow2\asm\asm\5.0.4\asm-5.0.4.jar;F:\oracle\apache-maven-3.5.4-bin\apache-maven-3.5.4\MavenRepository\maven_jar\junit\junit\4.12\junit-4.12.jar;F:\oracle\apache-maven-3.5.4-bin\apache-maven-3.5.4\MavenRepository\maven_jar\org\assertj\assertj-core\3.11.1\assertj-core-3.11.1.jar;F:\oracle\apache-maven-3.5.4-bin\apache-maven-3.5.4\MavenRepository\maven_jar\org\mockito\mockito-core\2.23.4\mockito-core-2.23.4.jar;F:\oracle\apache-maven-3.5.4-bin\apache-maven-3.5.4\MavenRepository\maven_jar\net\bytebuddy\byte-buddy\1.9.7\byte-buddy-1.9.7.jar;F:\oracle\apache-maven-3.5.4-bin\apache-maven-3.5.4\MavenRepository\maven_jar\net\bytebuddy\byte-buddy-agent\1.9.7\byte-buddy-agent-1.9.7.jar;F:\oracle\apache-maven-3.5.4-bin\apache-maven-3.5.4\MavenRepository\maven_jar\org\objenesis\objenesis\2.6\objenesis-2.6.jar;F:\oracle\apache-maven-3.5.4-bin\apache-maven-3.5.4\MavenRepository\maven_jar\org\hamcrest\hamcrest-core\1.3\hamcrest-core-1.3.jar;F:\oracle\apache-maven-3.5.4-bin\apache-maven-3.5.4\MavenRepository\maven_jar\org\hamcrest\hamcrest-library\1.3\hamcrest-library-1.3.jar;F:\oracle\apache-maven-3.5.4-bin\apache-maven-3.5.4\MavenRepository\maven_jar\org\skyscreamer\jsonassert\1.5.0\jsonassert-1.5.0.jar;F:\oracle\apache-maven-3.5.4-bin\apache-maven-3.5.4\MavenRepository\maven_jar\com\vaadin\external\google\android-json\0.0.20131108.vaadin1\android-json-0.0.20131108.vaadin1.jar;F:\oracle\apache-maven-3.5.4-bin\apache-maven-3.5.4\MavenRepository\maven_jar\org\springframework\spring-core\5.1.4.RELEASE\spring-core-5.1.4.RELEASE.jar;F:\oracle\apache-maven-3.5.4-bin\apache-maven-3.5.4\MavenRepository\maven_jar\org\springframework\spring-jcl\5.1.4.RELEASE\spring-jcl-5.1.4.RELEASE.jar;F:\oracle\apache-maven-3.5.4-bin\apache-maven-3.5.4\MavenRepository\maven_jar\org\springframework\spring-test\5.1.4.RELEASE\spring-test-5.1.4.RELEASE.jar;F:\oracle\apache-maven-3.5.4-bin\apache-maven-3.5.4\MavenRepository\maven_jar\org\xmlunit\xmlunit-core\2.6.2\xmlunit-core-2.6.2.jar;F:\oracle\apache-maven-3.5.4-bin\apache-maven-3.5.4\MavenRepository\maven_jar\org\springframework\boot\spring-boot-starter-mail\2.1.2.RELEASE\spring-boot-starter-mail-2.1.2.RELEASE.jar;F:\oracle\apache-maven-3.5.4-bin\apache-maven-3.5.4\MavenRepository\maven_jar\com\sun\mail\javax.mail\1.6.2\javax.mail-1.6.2.jar;F:\oracle\apache-maven-3.5.4-bin\apache-maven-3.5.4\MavenRepository\maven_jar\javax\activation\activation\1.1\activation-1.1.jar;"/>
    <property name="java.vm.vendor" value="Oracle Corporation"/>
    <property name="sun.arch.data.model" value="64"/>
    <property name="user.variant" value=""/>
    <property name="java.vendor.url" value="http://java.oracle.com/"/>
    <property name="user.timezone" value="Asia/Shanghai"/>
    <property name="java.vm.specification.version" value="1.8"/>
    <property name="os.name" value="Windows 10"/>
    <property name="user.country" value="CN"/>
    <property name="sun.java.launcher" value="SUN_STANDARD"/>
    <property name="sun.boot.library.path" value="F:\java\jre\bin"/>
    <property name="sun.java.command" value="C:\Users\ADMINI~1\AppData\Local\Temp\surefire9092586314634420123\surefirebooter7288778776969119587.jar C:\Users\Administrator\AppData\Local\Temp\surefire9092586314634420123 2019-04-10T13-49-35_221-jvmRun1 surefire4571106526881626911tmp surefire_03656979223681471891tmp"/>
    <property name="surefire.test.class.path" value="F:\工具\比赛\计算机设计大赛\fuya\fuya-Redis\target\test-classes;F:\工具\比赛\计算机设计大赛\fuya\fuya-Redis\target\classes;F:\oracle\apache-maven-3.5.4-bin\apache-maven-3.5.4\MavenRepository\maven_jar\org\springframework\boot\spring-boot-starter-redis\1.3.2.RELEASE\spring-boot-starter-redis-1.3.2.RELEASE.jar;F:\oracle\apache-maven-3.5.4-bin\apache-maven-3.5.4\MavenRepository\maven_jar\org\springframework\boot\spring-boot-starter\2.1.2.RELEASE\spring-boot-starter-2.1.2.RELEASE.jar;F:\oracle\apache-maven-3.5.4-bin\apache-maven-3.5.4\MavenRepository\maven_jar\org\springframework\boot\spring-boot\2.1.2.RELEASE\spring-boot-2.1.2.RELEASE.jar;F:\oracle\apache-maven-3.5.4-bin\apache-maven-3.5.4\MavenRepository\maven_jar\org\springframework\boot\spring-boot-autoconfigure\2.1.2.RELEASE\spring-boot-autoconfigure-2.1.2.RELEASE.jar;F:\oracle\apache-maven-3.5.4-bin\apache-maven-3.5.4\MavenRepository\maven_jar\org\springframework\boot\spring-boot-starter-logging\2.1.2.RELEASE\spring-boot-starter-logging-2.1.2.RELEASE.jar;F:\oracle\apache-maven-3.5.4-bin\apache-maven-3.5.4\MavenRepository\maven_jar\ch\qos\logback\logback-classic\1.2.3\logback-classic-1.2.3.jar;F:\oracle\apache-maven-3.5.4-bin\apache-maven-3.5.4\MavenRepository\maven_jar\ch\qos\logback\logback-core\1.2.3\logback-core-1.2.3.jar;F:\oracle\apache-maven-3.5.4-bin\apache-maven-3.5.4\MavenRepository\maven_jar\org\apache\logging\log4j\log4j-to-slf4j\2.11.1\log4j-to-slf4j-2.11.1.jar;F:\oracle\apache-maven-3.5.4-bin\apache-maven-3.5.4\MavenRepository\maven_jar\org\apache\logging\log4j\log4j-api\2.11.1\log4j-api-2.11.1.jar;F:\oracle\apache-maven-3.5.4-bin\apache-maven-3.5.4\MavenRepository\maven_jar\org\slf4j\jul-to-slf4j\1.7.25\jul-to-slf4j-1.7.25.jar;F:\oracle\apache-maven-3.5.4-bin\apache-maven-3.5.4\MavenRepository\maven_jar\javax\annotation\javax.annotation-api\1.3.2\javax.annotation-api-1.3.2.jar;F:\oracle\apache-maven-3.5.4-bin\apache-maven-3.5.4\MavenRepository\maven_jar\org\yaml\snakeyaml\1.23\snakeyaml-1.23.jar;F:\oracle\apache-maven-3.5.4-bin\apache-maven-3.5.4\MavenRepository\maven_jar\redis\clients\jedis\2.9.0\jedis-2.9.0.jar;F:\oracle\apache-maven-3.5.4-bin\apache-maven-3.5.4\MavenRepository\maven_jar\com\alibaba\fastjson\1.2.47\fastjson-1.2.47.jar;F:\oracle\apache-maven-3.5.4-bin\apache-maven-3.5.4\MavenRepository\maven_jar\org\apache\commons\commons-pool2\2.4.2\commons-pool2-2.4.2.jar;F:\oracle\apache-maven-3.5.4-bin\apache-maven-3.5.4\MavenRepository\maven_jar\org\springframework\boot\spring-boot-configuration-processor\2.1.2.RELEASE\spring-boot-configuration-processor-2.1.2.RELEASE.jar;F:\oracle\apache-maven-3.5.4-bin\apache-maven-3.5.4\MavenRepository\maven_jar\org\springframework\data\spring-data-redis\2.0.5.RELEASE\spring-data-redis-2.0.5.RELEASE.jar;F:\oracle\apache-maven-3.5.4-bin\apache-maven-3.5.4\MavenRepository\maven_jar\org\springframework\data\spring-data-keyvalue\2.1.4.RELEASE\spring-data-keyvalue-2.1.4.RELEASE.jar;F:\oracle\apache-maven-3.5.4-bin\apache-maven-3.5.4\MavenRepository\maven_jar\org\springframework\data\spring-data-commons\2.1.4.RELEASE\spring-data-commons-2.1.4.RELEASE.jar;F:\oracle\apache-maven-3.5.4-bin\apache-maven-3.5.4\MavenRepository\maven_jar\org\springframework\spring-context\5.1.4.RELEASE\spring-context-5.1.4.RELEASE.jar;F:\oracle\apache-maven-3.5.4-bin\apache-maven-3.5.4\MavenRepository\maven_jar\org\springframework\spring-tx\5.1.4.RELEASE\spring-tx-5.1.4.RELEASE.jar;F:\oracle\apache-maven-3.5.4-bin\apache-maven-3.5.4\MavenRepository\maven_jar\org\springframework\spring-beans\5.1.4.RELEASE\spring-beans-5.1.4.RELEASE.jar;F:\oracle\apache-maven-3.5.4-bin\apache-maven-3.5.4\MavenRepository\maven_jar\org\springframework\spring-oxm\5.1.4.RELEASE\spring-oxm-5.1.4.RELEASE.jar;F:\oracle\apache-maven-3.5.4-bin\apache-maven-3.5.4\MavenRepository\maven_jar\org\springframework\spring-aop\5.1.4.RELEASE\spring-aop-5.1.4.RELEASE.jar;F:\oracle\apache-maven-3.5.4-bin\apache-maven-3.5.4\MavenRepository\maven_jar\org\springframework\spring-context-support\5.1.4.RELEASE\spring-context-support-5.1.4.RELEASE.jar;F:\oracle\apache-maven-3.5.4-bin\apache-maven-3.5.4\MavenRepository\maven_jar\org\slf4j\slf4j-api\1.7.25\slf4j-api-1.7.25.jar;F:\oracle\apache-maven-3.5.4-bin\apache-maven-3.5.4\MavenRepository\maven_jar\com\alibaba\druid\1.1.10\druid-1.1.10.jar;F:\oracle\apache-maven-3.5.4-bin\apache-maven-3.5.4\MavenRepository\maven_jar\org\springframework\boot\spring-boot-starter-web\2.1.2.RELEASE\spring-boot-starter-web-2.1.2.RELEASE.jar;F:\oracle\apache-maven-3.5.4-bin\apache-maven-3.5.4\MavenRepository\maven_jar\org\springframework\boot\spring-boot-starter-json\2.1.2.RELEASE\spring-boot-starter-json-2.1.2.RELEASE.jar;F:\oracle\apache-maven-3.5.4-bin\apache-maven-3.5.4\MavenRepository\maven_jar\com\fasterxml\jackson\core\jackson-databind\2.9.8\jackson-databind-2.9.8.jar;F:\oracle\apache-maven-3.5.4-bin\apache-maven-3.5.4\MavenRepository\maven_jar\com\fasterxml\jackson\core\jackson-annotations\2.9.0\jackson-annotations-2.9.0.jar;F:\oracle\apache-maven-3.5.4-bin\apache-maven-3.5.4\MavenRepository\maven_jar\com\fasterxml\jackson\core\jackson-core\2.9.8\jackson-core-2.9.8.jar;F:\oracle\apache-maven-3.5.4-bin\apache-maven-3.5.4\MavenRepository\maven_jar\com\fasterxml\jackson\datatype\jackson-datatype-jdk8\2.9.8\jackson-datatype-jdk8-2.9.8.jar;F:\oracle\apache-maven-3.5.4-bin\apache-maven-3.5.4\MavenRepository\maven_jar\com\fasterxml\jackson\datatype\jackson-datatype-jsr310\2.9.8\jackson-datatype-jsr310-2.9.8.jar;F:\oracle\apache-maven-3.5.4-bin\apache-maven-3.5.4\MavenRepository\maven_jar\com\fasterxml\jackson\module\jackson-module-parameter-names\2.9.8\jackson-module-parameter-names-2.9.8.jar;F:\oracle\apache-maven-3.5.4-bin\apache-maven-3.5.4\MavenRepository\maven_jar\org\springframework\boot\spring-boot-starter-tomcat\2.1.2.RELEASE\spring-boot-starter-tomcat-2.1.2.RELEASE.jar;F:\oracle\apache-maven-3.5.4-bin\apache-maven-3.5.4\MavenRepository\maven_jar\org\apache\tomcat\embed\tomcat-embed-core\9.0.14\tomcat-embed-core-9.0.14.jar;F:\oracle\apache-maven-3.5.4-bin\apache-maven-3.5.4\MavenRepository\maven_jar\org\apache\tomcat\embed\tomcat-embed-el\9.0.14\tomcat-embed-el-9.0.14.jar;F:\oracle\apache-maven-3.5.4-bin\apache-maven-3.5.4\MavenRepository\maven_jar\org\apache\tomcat\embed\tomcat-embed-websocket\9.0.14\tomcat-embed-websocket-9.0.14.jar;F:\oracle\apache-maven-3.5.4-bin\apache-maven-3.5.4\MavenRepository\maven_jar\org\hibernate\validator\hibernate-validator\6.0.14.Final\hibernate-validator-6.0.14.Final.jar;F:\oracle\apache-maven-3.5.4-bin\apache-maven-3.5.4\MavenRepository\maven_jar\javax\validation\validation-api\2.0.1.Final\validation-api-2.0.1.Final.jar;F:\oracle\apache-maven-3.5.4-bin\apache-maven-3.5.4\MavenRepository\maven_jar\org\jboss\logging\jboss-logging\3.3.2.Final\jboss-logging-3.3.2.Final.jar;F:\oracle\apache-maven-3.5.4-bin\apache-maven-3.5.4\MavenRepository\maven_jar\com\fasterxml\classmate\1.4.0\classmate-1.4.0.jar;F:\oracle\apache-maven-3.5.4-bin\apache-maven-3.5.4\MavenRepository\maven_jar\org\springframework\spring-web\5.1.4.RELEASE\spring-web-5.1.4.RELEASE.jar;F:\oracle\apache-maven-3.5.4-bin\apache-maven-3.5.4\MavenRepository\maven_jar\org\springframework\spring-webmvc\5.1.4.RELEASE\spring-webmvc-5.1.4.RELEASE.jar;F:\oracle\apache-maven-3.5.4-bin\apache-maven-3.5.4\MavenRepository\maven_jar\org\springframework\spring-expression\5.1.4.RELEASE\spring-expression-5.1.4.RELEASE.jar;F:\oracle\apache-maven-3.5.4-bin\apache-maven-3.5.4\MavenRepository\maven_jar\org\springframework\boot\spring-boot-starter-test\2.1.2.RELEASE\spring-boot-starter-test-2.1.2.RELEASE.jar;F:\oracle\apache-maven-3.5.4-bin\apache-maven-3.5.4\MavenRepository\maven_jar\org\springframework\boot\spring-boot-test\2.1.2.RELEASE\spring-boot-test-2.1.2.RELEASE.jar;F:\oracle\apache-maven-3.5.4-bin\apache-maven-3.5.4\MavenRepository\maven_jar\org\springframework\boot\spring-boot-test-autoconfigure\2.1.2.RELEASE\spring-boot-test-autoconfigure-2.1.2.RELEASE.jar;F:\oracle\apache-maven-3.5.4-bin\apache-maven-3.5.4\MavenRepository\maven_jar\com\jayway\jsonpath\json-path\2.4.0\json-path-2.4.0.jar;F:\oracle\apache-maven-3.5.4-bin\apache-maven-3.5.4\MavenRepository\maven_jar\net\minidev\json-smart\2.3\json-smart-2.3.jar;F:\oracle\apache-maven-3.5.4-bin\apache-maven-3.5.4\MavenRepository\maven_jar\net\minidev\accessors-smart\1.2\accessors-smart-1.2.jar;F:\oracle\apache-maven-3.5.4-bin\apache-maven-3.5.4\MavenRepository\maven_jar\org\ow2\asm\asm\5.0.4\asm-5.0.4.jar;F:\oracle\apache-maven-3.5.4-bin\apache-maven-3.5.4\MavenRepository\maven_jar\junit\junit\4.12\junit-4.12.jar;F:\oracle\apache-maven-3.5.4-bin\apache-maven-3.5.4\MavenRepository\maven_jar\org\assertj\assertj-core\3.11.1\assertj-core-3.11.1.jar;F:\oracle\apache-maven-3.5.4-bin\apache-maven-3.5.4\MavenRepository\maven_jar\org\mockito\mockito-core\2.23.4\mockito-core-2.23.4.jar;F:\oracle\apache-maven-3.5.4-bin\apache-maven-3.5.4\MavenRepository\maven_jar\net\bytebuddy\byte-buddy\1.9.7\byte-buddy-1.9.7.jar;F:\oracle\apache-maven-3.5.4-bin\apache-maven-3.5.4\MavenRepository\maven_jar\net\bytebuddy\byte-buddy-agent\1.9.7\byte-buddy-agent-1.9.7.jar;F:\oracle\apache-maven-3.5.4-bin\apache-maven-3.5.4\MavenRepository\maven_jar\org\objenesis\objenesis\2.6\objenesis-2.6.jar;F:\oracle\apache-maven-3.5.4-bin\apache-maven-3.5.4\MavenRepository\maven_jar\org\hamcrest\hamcrest-core\1.3\hamcrest-core-1.3.jar;F:\oracle\apache-maven-3.5.4-bin\apache-maven-3.5.4\MavenRepository\maven_jar\org\hamcrest\hamcrest-library\1.3\hamcrest-library-1.3.jar;F:\oracle\apache-maven-3.5.4-bin\apache-maven-3.5.4\MavenRepository\maven_jar\org\skyscreamer\jsonassert\1.5.0\jsonassert-1.5.0.jar;F:\oracle\apache-maven-3.5.4-bin\apache-maven-3.5.4\MavenRepository\maven_jar\com\vaadin\external\google\android-json\0.0.20131108.vaadin1\android-json-0.0.20131108.vaadin1.jar;F:\oracle\apache-maven-3.5.4-bin\apache-maven-3.5.4\MavenRepository\maven_jar\org\springframework\spring-core\5.1.4.RELEASE\spring-core-5.1.4.RELEASE.jar;F:\oracle\apache-maven-3.5.4-bin\apache-maven-3.5.4\MavenRepository\maven_jar\org\springframework\spring-jcl\5.1.4.RELEASE\spring-jcl-5.1.4.RELEASE.jar;F:\oracle\apache-maven-3.5.4-bin\apache-maven-3.5.4\MavenRepository\maven_jar\org\springframework\spring-test\5.1.4.RELEASE\spring-test-5.1.4.RELEASE.jar;F:\oracle\apache-maven-3.5.4-bin\apache-maven-3.5.4\MavenRepository\maven_jar\org\xmlunit\xmlunit-core\2.6.2\xmlunit-core-2.6.2.jar;F:\oracle\apache-maven-3.5.4-bin\apache-maven-3.5.4\MavenRepository\maven_jar\org\springframework\boot\spring-boot-starter-mail\2.1.2.RELEASE\spring-boot-starter-mail-2.1.2.RELEASE.jar;F:\oracle\apache-maven-3.5.4-bin\apache-maven-3.5.4\MavenRepository\maven_jar\com\sun\mail\javax.mail\1.6.2\javax.mail-1.6.2.jar;F:\oracle\apache-maven-3.5.4-bin\apache-maven-3.5.4\MavenRepository\maven_jar\javax\activation\activation\1.1\activation-1.1.jar;"/>
    <property name="sun.cpu.endian" value="little"/>
    <property name="user.home" value="C:\Users\Administrator"/>
    <property name="user.language" value="zh"/>
    <property name="java.specification.vendor" value="Oracle Corporation"/>
    <property name="java.home" value="F:\java\jre"/>
    <property name="basedir" value="F:\工具\比赛\计算机设计大赛\fuya\fuya-Redis"/>
    <property name="file.separator" value="\"/>
    <property name="line.separator" value="&#10;"/>
    <property name="java.vm.specification.vendor" value="Oracle Corporation"/>
    <property name="java.specification.name" value="Java Platform API Specification"/>
    <property name="java.awt.graphicsenv" value="sun.awt.Win32GraphicsEnvironment"/>
    <property name="surefire.real.class.path" value="C:\Users\ADMINI~1\AppData\Local\Temp\surefire9092586314634420123\surefirebooter7288778776969119587.jar"/>
    <property name="sun.boot.class.path" value="F:\java\jre\lib\resources.jar;F:\java\jre\lib\rt.jar;F:\java\jre\lib\sunrsasign.jar;F:\java\jre\lib\jsse.jar;F:\java\jre\lib\jce.jar;F:\java\jre\lib\charsets.jar;F:\java\jre\lib\jfr.jar;F:\java\jre\classes"/>
    <property name="user.script" value=""/>
    <property name="sun.management.compiler" value="HotSpot 64-Bit Tiered Compilers"/>
    <property name="java.runtime.version" value="1.8.0_161-b12"/>
    <property name="user.name" value="Administrator"/>
    <property name="path.separator" value=";"/>
    <property name="os.version" value="10.0"/>
    <property name="java.endorsed.dirs" value="F:\java\jre\lib\endorsed"/>
    <property name="java.runtime.name" value="Java(TM) SE Runtime Environment"/>
    <property name="file.encoding" value="GBK"/>
    <property name="java.vm.name" value="Java HotSpot(TM) 64-Bit Server VM"/>
    <property name="localRepository" value="F:\oracle\apache-maven-3.5.4-bin\apache-maven-3.5.4\MavenRepository\maven_jar"/>
    <property name="java.vendor.url.bug" value="http://bugreport.sun.com/bugreport/"/>
    <property name="java.io.tmpdir" value="C:\Users\ADMINI~1\AppData\Local\Temp\"/>
    <property name="idea.version" value="2018.2.5"/>
    <property name="java.version" value="1.8.0_161"/>
    <property name="user.dir" value="F:\工具\比赛\计算机设计大赛\fuya\fuya-Redis"/>
    <property name="os.arch" value="amd64"/>
    <property name="java.vm.specification.name" value="Java Virtual Machine Specification"/>
    <property name="java.awt.printerjob" value="sun.awt.windows.WPrinterJob"/>
    <property name="sun.os.patch.level" value=""/>
    <property name="java.library.path" value="F:\java\jre\bin;C:\WINDOWS\Sun\Java\bin;C:\WINDOWS\system32;C:\WINDOWS;C:\ora_env;C:\ora_env\VC9;F:\oracle\product\12.1.0\dbhome_1\bin;F:\oracle\Oracle\bin;C:\ProgramData\Oracle\Java\javapath;&quot;F:\java\bin;G:\QT\5.7\msvc2013\bin&quot;;C:\WINDOWS\system32;C:\WINDOWS;C:\WINDOWS\System32\Wbem;C:\WINDOWS\System32\WindowsPowerShell\v1.0\;E:\OPencv\opencv3\cmake-3.8.0-win64-x64\bin;E:\QT\5.6\mingw49_32\bin;E:\QT\Tools\mingw492_32\bin;E:\OPencv\opencv3\Qt_Opencv3.2_contrub\bin;F:\SDL2-2.0.8-win32-x64\ffmpegshared\ffmpegwin32-shared\bin;F:\oracle\Oracle\BIN;F:\树莓学习\;C:\Program Files\Common Files\Autodesk Shared\;C:\Program Files (x86)\Autodesk\Backburner\;C:\oracle\ODAC_64;C:\oracle\ODAC_64\bin;F:\oracle\apache-maven-3.5.4-bin\apache-maven-3.5.4\bin;C:\WINDOWS\System32\OpenSSH\;C:\Ruby22-x64\bin;C:\Ruby22-x64\bin;C:\Users\Administrator\AppData\Local\Microsoft\WindowsApps;."/>
    <property name="java.vm.info" value="mixed mode"/>
    <property name="java.vendor" value="Oracle Corporation"/>
    <property name="java.vm.version" value="25.161-b12"/>
    <property name="java.ext.dirs" value="F:\java\jre\lib\ext;C:\WINDOWS\Sun\Java\lib\ext"/>
    <property name="sun.io.unicode.encoding" value="UnicodeLittle"/>
    <property name="java.class.version" value="52.0"/>
  </properties>
  <testcase name="com.fuya.Redis.FuyaDaoApplicationTests" classname="com.fuya.Redis.FuyaDaoApplicationTests" time="0">
    <skipped/>
  </testcase>
</testsuite>